mode: set
github.com/briansan/user-go/api/api.go:12.23,29.46 8 1
github.com/briansan/user-go/api/api.go:34.2,38.10 3 1
github.com/briansan/user-go/api/api.go:29.46,31.3 1 1
github.com/briansan/user-go/api/auth.go:25.19,28.16 2 1
github.com/briansan/user-go/api/auth.go:31.2,34.63 2 1
github.com/briansan/user-go/api/auth.go:28.16,29.13 1 0
github.com/briansan/user-go/api/auth.go:34.63,35.13 1 0
github.com/briansan/user-go/api/auth.go:43.49,51.16 4 1
github.com/briansan/user-go/api/auth.go:55.2,55.16 1 1
github.com/briansan/user-go/api/auth.go:51.16,54.3 2 0
github.com/briansan/user-go/api/auth.go:61.57,64.21 2 1
github.com/briansan/user-go/api/auth.go:67.2,70.81 2 1
github.com/briansan/user-go/api/auth.go:79.2,79.16 1 1
github.com/briansan/user-go/api/auth.go:84.2,85.9 2 1
github.com/briansan/user-go/api/auth.go:90.2,91.9 2 1
github.com/briansan/user-go/api/auth.go:94.2,94.18 1 1
github.com/briansan/user-go/api/auth.go:64.21,66.3 1 0
github.com/briansan/user-go/api/auth.go:70.81,73.46 2 1
github.com/briansan/user-go/api/auth.go:77.3,77.21 1 1
github.com/briansan/user-go/api/auth.go:73.46,76.4 2 0
github.com/briansan/user-go/api/auth.go:79.16,81.3 1 1
github.com/briansan/user-go/api/auth.go:85.9,87.3 1 0
github.com/briansan/user-go/api/auth.go:91.9,93.3 1 0
github.com/briansan/user-go/api/auth.go:100.56,101.36 1 1
github.com/briansan/user-go/api/auth.go:101.36,104.23 2 1
github.com/briansan/user-go/api/auth.go:107.3,111.17 3 1
github.com/briansan/user-go/api/auth.go:117.3,118.17 2 1
github.com/briansan/user-go/api/auth.go:121.3,125.17 3 1
github.com/briansan/user-go/api/auth.go:128.3,128.18 1 1
github.com/briansan/user-go/api/auth.go:132.3,133.17 2 1
github.com/briansan/user-go/api/auth.go:104.23,106.4 1 0
github.com/briansan/user-go/api/auth.go:111.17,114.4 2 1
github.com/briansan/user-go/api/auth.go:118.17,120.4 1 0
github.com/briansan/user-go/api/auth.go:125.17,127.4 1 0
github.com/briansan/user-go/api/auth.go:128.18,130.4 1 0
github.com/briansan/user-go/api/auth.go:137.37,140.9 2 1
github.com/briansan/user-go/api/auth.go:145.2,146.16 2 1
github.com/briansan/user-go/api/auth.go:149.2,153.16 3 1
github.com/briansan/user-go/api/auth.go:163.2,164.16 2 1
github.com/briansan/user-go/api/auth.go:167.2,167.67 1 1
github.com/briansan/user-go/api/auth.go:140.9,142.3 1 0
github.com/briansan/user-go/api/auth.go:146.16,148.3 1 0
github.com/briansan/user-go/api/auth.go:153.16,154.33 1 1
github.com/briansan/user-go/api/auth.go:157.3,157.17 1 0
github.com/briansan/user-go/api/auth.go:154.33,156.4 1 1
github.com/briansan/user-go/api/auth.go:157.17,159.4 1 0
github.com/briansan/user-go/api/auth.go:164.16,166.3 1 0
github.com/briansan/user-go/api/auth.go:170.32,173.2 2 1
github.com/briansan/user-go/api/users.go:21.37,24.9 2 1
github.com/briansan/user-go/api/users.go:27.2,27.67 1 1
github.com/briansan/user-go/api/users.go:32.2,33.16 2 0
github.com/briansan/user-go/api/users.go:36.2,40.16 3 0
github.com/briansan/user-go/api/users.go:45.2,45.38 1 0
github.com/briansan/user-go/api/users.go:52.2,52.37 1 0
github.com/briansan/user-go/api/users.go:24.9,26.3 1 0
github.com/briansan/user-go/api/users.go:27.67,29.3 1 1
github.com/briansan/user-go/api/users.go:33.16,35.3 1 0
github.com/briansan/user-go/api/users.go:40.16,42.3 1 0
github.com/briansan/user-go/api/users.go:45.38,47.27 2 0
github.com/briansan/user-go/api/users.go:50.3,50.34 1 0
github.com/briansan/user-go/api/users.go:47.27,49.4 1 0
github.com/briansan/user-go/api/users.go:55.38,60.37 3 1
github.com/briansan/user-go/api/users.go:65.2,66.16 2 1
github.com/briansan/user-go/api/users.go:69.2,74.28 4 1
github.com/briansan/user-go/api/users.go:93.2,93.72 1 1
github.com/briansan/user-go/api/users.go:98.2,98.41 1 1
github.com/briansan/user-go/api/users.go:102.2,102.38 1 1
github.com/briansan/user-go/api/users.go:60.37,62.3 1 0
github.com/briansan/user-go/api/users.go:66.16,68.3 1 0
github.com/briansan/user-go/api/users.go:74.28,78.17 3 0
github.com/briansan/user-go/api/users.go:83.3,84.17 2 0
github.com/briansan/user-go/api/users.go:87.3,87.18 1 0
github.com/briansan/user-go/api/users.go:78.17,81.4 2 0
github.com/briansan/user-go/api/users.go:84.17,86.4 1 0
github.com/briansan/user-go/api/users.go:87.18,89.4 1 0
github.com/briansan/user-go/api/users.go:93.72,95.3 1 1
github.com/briansan/user-go/api/users.go:98.41,100.3 1 0
github.com/briansan/user-go/api/users.go:105.44,110.64 3 1
github.com/briansan/user-go/api/users.go:115.2,115.74 1 0
github.com/briansan/user-go/api/users.go:120.2,121.16 2 0
github.com/briansan/user-go/api/users.go:124.2,128.46 3 0
github.com/briansan/user-go/api/users.go:133.2,133.14 1 0
github.com/briansan/user-go/api/users.go:138.2,139.16 2 0
github.com/briansan/user-go/api/users.go:143.2,143.33 1 0
github.com/briansan/user-go/api/users.go:110.64,112.3 1 1
github.com/briansan/user-go/api/users.go:115.74,117.3 1 0
github.com/briansan/user-go/api/users.go:121.16,123.3 1 0
github.com/briansan/user-go/api/users.go:128.46,130.3 1 0
github.com/briansan/user-go/api/users.go:133.14,135.3 1 0
github.com/briansan/user-go/api/users.go:139.16,141.3 1 0
github.com/briansan/user-go/api/users.go:146.38,151.9 3 1
github.com/briansan/user-go/api/users.go:156.2,156.121 1 1
github.com/briansan/user-go/api/users.go:161.2,165.82 3 1
github.com/briansan/user-go/api/users.go:170.2,171.16 2 0
github.com/briansan/user-go/api/users.go:174.2,177.86 2 0
github.com/briansan/user-go/api/users.go:187.2,187.69 1 0
github.com/briansan/user-go/api/users.go:190.2,190.36 1 0
github.com/briansan/user-go/api/users.go:151.9,153.3 1 0
github.com/briansan/user-go/api/users.go:156.121,158.3 1 0
github.com/briansan/user-go/api/users.go:165.82,167.3 1 1
github.com/briansan/user-go/api/users.go:171.16,173.3 1 0
github.com/briansan/user-go/api/users.go:177.86,178.35 1 0
github.com/briansan/user-go/api/users.go:181.3,181.88 1 0
github.com/briansan/user-go/api/users.go:178.35,180.4 1 0
github.com/briansan/user-go/api/users.go:181.88,183.4 1 0
github.com/briansan/user-go/api/users.go:187.69,189.3 1 0
github.com/briansan/user-go/api/users.go:193.39,198.9 3 1
github.com/briansan/user-go/api/users.go:203.2,203.84 1 1
github.com/briansan/user-go/api/users.go:208.2,209.16 2 1
github.com/briansan/user-go/api/users.go:212.2,216.16 3 1
github.com/briansan/user-go/api/users.go:220.2,220.33 1 1
github.com/briansan/user-go/api/users.go:198.9,200.3 1 0
github.com/briansan/user-go/api/users.go:203.84,205.3 1 0
github.com/briansan/user-go/api/users.go:209.16,211.3 1 0
github.com/briansan/user-go/api/users.go:216.16,218.3 1 0
github.com/briansan/user-go/api/users.go:223.33,229.2 5 1
